Command line:
   full_adder_top_isim_beh.exe
     -simmode  gui
     -simrunnum  0
     -socket  58117

Wed Jan 17 14:18:03 2024


 Elaboration Time: 0.02 sec

 Current Memory Usage: 183.468 Meg

 Total Signals          : 20
 Total Nets             : 18
 Total Signal Drivers   : 10
 Total Blocks           : 3
 Total Primitive Blocks : 2
 Total Processes        : 13
 Total Traceable Variables  : 21
 Total Scalar Nets and Variables : 101
Total Line Count : 28

 Total Simulation Time: 0.04 sec

 Current Memory Usage: 258.97 Meg

Wed Jan 17 14:20:04 2024

