Command line:
   full_adder_sch_full_adder_sch_sch_tb_isim_beh.exe
     -simmode  gui
     -simrunnum  0
     -socket  51103

Wed Jan 17 15:25:41 2024


 Elaboration Time: 0.03 sec

 Current Memory Usage: 185.311 Meg

 Total Signals          : 43
 Total Nets             : 22
 Total Signal Drivers   : 14
 Total Blocks           : 9
 Total Primitive Blocks : 7
 Total Processes        : 17
 Total Traceable Variables  : 21
 Total Scalar Nets and Variables : 105
Total Line Count : 28

 Total Simulation Time: 0.03 sec

 Current Memory Usage: 260.813 Meg

Wed Jan 17 15:26:47 2024

