--------------------------------------------------------------------------------
Release 14.7 Trace  (lin64)
Copyright (c) 1995-2013 Xilinx, Inc.  All rights reserved.

/opt/Xilinx/14.7/ISE_DS/ISE/bin/lin64/unwrapped/trce -intstyle ise -v 3 -s 4 -n
3 -fastpaths -xml compare.twx compare.ncd -o compare.twr compare.pcf -ucf
compare.ucf

Design file:              compare.ncd
Physical constraint file: compare.pcf
Device,package,speed:     xc3s500e,fg320,-4 (PRODUCTION 1.27 2013-10-13)
Report level:             verbose report

Environment Variable      Effect 
--------------------      ------ 
NONE                      No environment variables were set
--------------------------------------------------------------------------------

INFO:Timing:2698 - No timing constraints found, doing default enumeration.
INFO:Timing:3412 - To improve timing, see the Timing Closure User Guide (UG612).
INFO:Timing:2752 - To get complete path coverage, use the unconstrained paths 
   option. All paths that are not constrained will be reported in the 
   unconstrained paths section(s) of the report.
INFO:Timing:3339 - The clock-to-out numbers in this timing report are based on 
   a 50 Ohm transmission line loading model.  For the details of this model, 
   and for more information on accounting for different loading conditions, 
   please see the device datasheet.
INFO:Timing:3390 - This architecture does not support a default System Jitter 
   value, please add SYSTEM_JITTER constraint to the UCF to modify the Clock 
   Uncertainty calculation.
INFO:Timing:3389 - This architecture does not support 'Discrete Jitter' and 
   'Phase Error' calculations, these terms will be zero in the Clock 
   Uncertainty calculation.  Please make appropriate modification to 
   SYSTEM_JITTER to account for the unsupported Discrete Jitter and Phase 
   Error.



Data Sheet report:
-----------------
All values displayed in nanoseconds (ns)

Setup/Hold to clock PB1
------------+------------+------------+------------------+--------+
            |Max Setup to|Max Hold to |                  | Clock  |
Source      | clk (edge) | clk (edge) |Internal Clock(s) | Phase  |
------------+------------+------------+------------------+--------+
s<0>        |    0.270(R)|    1.438(R)|PB1_BUFGP         |   0.000|
s<1>        |    0.761(R)|    1.045(R)|PB1_BUFGP         |   0.000|
s<2>        |   -0.229(R)|    1.837(R)|PB1_BUFGP         |   0.000|
s<3>        |    0.538(R)|    1.223(R)|PB1_BUFGP         |   0.000|
------------+------------+------------+------------------+--------+

Setup/Hold to clock PB2
------------+------------+------------+------------------+--------+
            |Max Setup to|Max Hold to |                  | Clock  |
Source      | clk (edge) | clk (edge) |Internal Clock(s) | Phase  |
------------+------------+------------+------------------+--------+
s<0>        |   -0.358(R)|    2.245(R)|PB2_BUFGP         |   0.000|
s<1>        |    0.682(R)|    1.413(R)|PB2_BUFGP         |   0.000|
s<2>        |    0.173(R)|    1.826(R)|PB2_BUFGP         |   0.000|
------------+------------+------------+------------------+--------+

Setup/Hold to clock PB3
------------+------------+------------+------------------+--------+
            |Max Setup to|Max Hold to |                  | Clock  |
Source      | clk (edge) | clk (edge) |Internal Clock(s) | Phase  |
------------+------------+------------+------------------+--------+
s<0>        |   -0.201(R)|    2.401(R)|PB3_BUFGP         |   0.000|
s<1>        |   -0.331(R)|    2.504(R)|PB3_BUFGP         |   0.000|
s<2>        |   -1.527(R)|    3.459(R)|PB3_BUFGP         |   0.000|
s<3>        |   -0.760(R)|    2.845(R)|PB3_BUFGP         |   0.000|
------------+------------+------------+------------------+--------+

Setup/Hold to clock PB4
------------+------------+------------+------------------+--------+
            |Max Setup to|Max Hold to |                  | Clock  |
Source      | clk (edge) | clk (edge) |Internal Clock(s) | Phase  |
------------+------------+------------+------------------+--------+
s<0>        |   -0.402(R)|    2.300(R)|PB4_BUFGP         |   0.000|
s<1>        |    0.638(R)|    1.468(R)|PB4_BUFGP         |   0.000|
s<2>        |   -0.171(R)|    2.121(R)|PB4_BUFGP         |   0.000|
------------+------------+------------+------------------+--------+

Clock PB1 to Pad
------------+------------+------------------+--------+
            | clk (edge) |                  | Clock  |
Destination |   to PAD   |Internal Clock(s) | Phase  |
------------+------------+------------------+--------+
e<0>        |   12.983(R)|PB1_BUFGP         |   0.000|
e<1>        |   13.097(R)|PB1_BUFGP         |   0.000|
e<2>        |   11.711(R)|PB1_BUFGP         |   0.000|
e<3>        |   11.375(R)|PB1_BUFGP         |   0.000|
g<0>        |   13.246(R)|PB1_BUFGP         |   0.000|
g<1>        |   14.014(R)|PB1_BUFGP         |   0.000|
g<2>        |   11.801(R)|PB1_BUFGP         |   0.000|
g<3>        |   12.597(R)|PB1_BUFGP         |   0.000|
l<0>        |   13.000(R)|PB1_BUFGP         |   0.000|
l<1>        |   14.256(R)|PB1_BUFGP         |   0.000|
l<2>        |   12.813(R)|PB1_BUFGP         |   0.000|
l<3>        |   12.274(R)|PB1_BUFGP         |   0.000|
------------+------------+------------------+--------+

Clock PB2 to Pad
------------+------------+------------------+--------+
            | clk (edge) |                  | Clock  |
Destination |   to PAD   |Internal Clock(s) | Phase  |
------------+------------+------------------+--------+
e<0>        |   16.581(R)|PB2_BUFGP         |   0.000|
e<1>        |   16.695(R)|PB2_BUFGP         |   0.000|
e<2>        |   15.309(R)|PB2_BUFGP         |   0.000|
e<3>        |   14.973(R)|PB2_BUFGP         |   0.000|
e<4>        |   13.055(R)|PB2_BUFGP         |   0.000|
e<5>        |   12.403(R)|PB2_BUFGP         |   0.000|
e<6>        |   12.479(R)|PB2_BUFGP         |   0.000|
g<0>        |   17.207(R)|PB2_BUFGP         |   0.000|
g<1>        |   15.776(R)|PB2_BUFGP         |   0.000|
g<2>        |   15.941(R)|PB2_BUFGP         |   0.000|
g<3>        |   14.191(R)|PB2_BUFGP         |   0.000|
g<4>        |   14.165(R)|PB2_BUFGP         |   0.000|
g<5>        |   12.687(R)|PB2_BUFGP         |   0.000|
g<6>        |   12.496(R)|PB2_BUFGP         |   0.000|
l<0>        |   16.973(R)|PB2_BUFGP         |   0.000|
l<1>        |   15.915(R)|PB2_BUFGP         |   0.000|
l<2>        |   16.774(R)|PB2_BUFGP         |   0.000|
l<3>        |   13.933(R)|PB2_BUFGP         |   0.000|
l<4>        |   15.000(R)|PB2_BUFGP         |   0.000|
l<5>        |   13.381(R)|PB2_BUFGP         |   0.000|
l<6>        |   12.312(R)|PB2_BUFGP         |   0.000|
------------+------------+------------------+--------+

Clock PB3 to Pad
------------+------------+------------------+--------+
            | clk (edge) |                  | Clock  |
Destination |   to PAD   |Internal Clock(s) | Phase  |
------------+------------+------------------+--------+
e<0>        |   14.869(R)|PB3_BUFGP         |   0.000|
e<1>        |   14.983(R)|PB3_BUFGP         |   0.000|
e<2>        |   13.591(R)|PB3_BUFGP         |   0.000|
e<3>        |   13.255(R)|PB3_BUFGP         |   0.000|
g<0>        |   15.132(R)|PB3_BUFGP         |   0.000|
g<1>        |   15.591(R)|PB3_BUFGP         |   0.000|
g<2>        |   13.472(R)|PB3_BUFGP         |   0.000|
g<3>        |   14.141(R)|PB3_BUFGP         |   0.000|
l<0>        |   14.959(R)|PB3_BUFGP         |   0.000|
l<1>        |   15.833(R)|PB3_BUFGP         |   0.000|
l<2>        |   14.459(R)|PB3_BUFGP         |   0.000|
l<3>        |   13.845(R)|PB3_BUFGP         |   0.000|
------------+------------+------------------+--------+

Clock PB4 to Pad
------------+------------+------------------+--------+
            | clk (edge) |                  | Clock  |
Destination |   to PAD   |Internal Clock(s) | Phase  |
------------+------------+------------------+--------+
e<0>        |   17.228(R)|PB4_BUFGP         |   0.000|
e<1>        |   17.342(R)|PB4_BUFGP         |   0.000|
e<2>        |   15.956(R)|PB4_BUFGP         |   0.000|
e<3>        |   15.620(R)|PB4_BUFGP         |   0.000|
e<4>        |   13.702(R)|PB4_BUFGP         |   0.000|
e<5>        |   13.050(R)|PB4_BUFGP         |   0.000|
e<6>        |   12.146(R)|PB4_BUFGP         |   0.000|
g<0>        |   17.375(R)|PB4_BUFGP         |   0.000|
g<1>        |   16.479(R)|PB4_BUFGP         |   0.000|
g<2>        |   16.000(R)|PB4_BUFGP         |   0.000|
g<3>        |   14.676(R)|PB4_BUFGP         |   0.000|
g<4>        |   14.656(R)|PB4_BUFGP         |   0.000|
g<5>        |   13.541(R)|PB4_BUFGP         |   0.000|
g<6>        |   12.173(R)|PB4_BUFGP         |   0.000|
l<0>        |   17.093(R)|PB4_BUFGP         |   0.000|
l<1>        |   16.721(R)|PB4_BUFGP         |   0.000|
l<2>        |   16.942(R)|PB4_BUFGP         |   0.000|
l<3>        |   14.739(R)|PB4_BUFGP         |   0.000|
l<4>        |   15.045(R)|PB4_BUFGP         |   0.000|
l<5>        |   14.028(R)|PB4_BUFGP         |   0.000|
l<6>        |   12.026(R)|PB4_BUFGP         |   0.000|
------------+------------+------------------+--------+


Analysis completed Mon Jan 29 13:42:20 2024 
--------------------------------------------------------------------------------

Trace Settings:
-------------------------
Trace Settings 

Peak Memory Usage: 335 MB



