Release 14.7 - xst P.20131013 (lin64)
Copyright (c) 1995-2013 Xilinx, Inc.  All rights reserved.
--> 
Parameter TMPDIR set to xst/projnav.tmp


Total REAL time to Xst completion: 0.00 secs
Total CPU time to Xst completion: 0.09 secs
 
--> 
Parameter xsthdpdir set to xst


Total REAL time to Xst completion: 0.00 secs
Total CPU time to Xst completion: 0.09 secs
 
--> 
Reading design: compare.prj

TABLE OF CONTENTS
  1) Synthesis Options Summary
  2) HDL Compilation
  3) Design Hierarchy Analysis
  4) HDL Analysis
  5) HDL Synthesis
     5.1) HDL Synthesis Report
  6) Advanced HDL Synthesis
     6.1) Advanced HDL Synthesis Report
  7) Low Level Synthesis
  8) Partition Report
  9) Final Report
	9.1) Device utilization summary
	9.2) Partition Resource Summary
	9.3) TIMING REPORT


=========================================================================
*                      Synthesis Options Summary                        *
=========================================================================
---- Source Parameters
Input File Name                    : "compare.prj"
Input Format                       : mixed
Ignore Synthesis Constraint File   : NO

---- Target Parameters
Output File Name                   : "compare"
Output Format                      : NGC
Target Device                      : xc3s500e-4-fg320

---- Source Options
Top Module Name                    : compare
Automatic FSM Extraction           : YES
FSM Encoding Algorithm             : Auto
Safe Implementation                : No
FSM Style                          : LUT
RAM Extraction                     : Yes
RAM Style                          : Auto
ROM Extraction                     : Yes
Mux Style                          : Auto
Decoder Extraction                 : YES
Priority Encoder Extraction        : Yes
Shift Register Extraction          : YES
Logical Shifter Extraction         : YES
XOR Collapsing                     : YES
ROM Style                          : Auto
Mux Extraction                     : Yes
Resource Sharing                   : YES
Asynchronous To Synchronous        : NO
Multiplier Style                   : Auto
Automatic Register Balancing       : No

---- Target Options
Add IO Buffers                     : YES
Global Maximum Fanout              : 100000
Add Generic Clock Buffer(BUFG)     : 24
Register Duplication               : YES
Slice Packing                      : YES
Optimize Instantiated Primitives   : NO
Use Clock Enable                   : Yes
Use Synchronous Set                : Yes
Use Synchronous Reset              : Yes
Pack IO Registers into IOBs        : Auto
Equivalent register Removal        : YES

---- General Options
Optimization Goal                  : Speed
Optimization Effort                : 1
Keep Hierarchy                     : No
Netlist Hierarchy                  : As_Optimized
RTL Output                         : Yes
Global Optimization                : AllClockNets
Read Cores                         : YES
Write Timing Constraints           : NO
Cross Clock Analysis               : NO
Hierarchy Separator                : /
Bus Delimiter                      : <>
Case Specifier                     : Maintain
Slice Utilization Ratio            : 100
BRAM Utilization Ratio             : 100
Verilog 2001                       : YES
Auto BRAM Packing                  : NO
Slice Utilization Ratio Delta      : 5

=========================================================================


=========================================================================
*                          HDL Compilation                              *
=========================================================================
Compiling verilog file "comparator.v" in library work
Module <single_bit> compiled
Module <compare> compiled
No errors in compilation
Analysis of file <"compare.prj"> succeeded.
 

=========================================================================
*                     Design Hierarchy Analysis                         *
=========================================================================
Analyzing hierarchy for module <compare> in library <work>.

Analyzing hierarchy for module <single_bit> in library <work>.


=========================================================================
*                            HDL Analysis                               *
=========================================================================
Analyzing top module <compare>.
Module <compare> is correct for synthesis.
 
Analyzing module <single_bit> in library <work>.
Module <single_bit> is correct for synthesis.
 

=========================================================================
*                           HDL Synthesis                               *
=========================================================================

Performing bidirectional port resolution...

Synthesizing Unit <single_bit>.
    Related source file is "comparator.v".
Unit <single_bit> synthesized.


Synthesizing Unit <compare>.
    Related source file is "comparator.v".
    Found 7-bit register for signal <a<6:0>>.
    Found 7-bit register for signal <b<6:0>>.
    Summary:
	inferred  14 D-type flip-flop(s).
Unit <compare> synthesized.


=========================================================================
HDL Synthesis Report

Macro Statistics
# Registers                                            : 14
 1-bit register                                        : 14

=========================================================================

=========================================================================
*                       Advanced HDL Synthesis                          *
=========================================================================


=========================================================================
Advanced HDL Synthesis Report

Macro Statistics
# Registers                                            : 14
 Flip-Flops                                            : 14

=========================================================================

=========================================================================
*                         Low Level Synthesis                           *
=========================================================================

Optimizing unit <compare> ...

Mapping all equations...
Building and optimizing final netlist ...
Found area constraint ratio of 100 (+ 5) on block compare, actual ratio is 0.

Final Macro Processing ...

=========================================================================
Final Register Report

Macro Statistics
# Registers                                            : 14
 Flip-Flops                                            : 14

=========================================================================

=========================================================================
*                           Partition Report                            *
=========================================================================

Partition Implementation Status
-------------------------------

  No Partitions were found in this design.

-------------------------------

=========================================================================
*                            Final Report                               *
=========================================================================
Final Results
RTL Top Level Output File Name     : compare.ngr
Top Level Output File Name         : compare
Output Format                      : NGC
Optimization Goal                  : Speed
Keep Hierarchy                     : No

Design Statistics
# IOs                              : 32

Cell Usage :
# BELS                             : 33
#      GND                         : 1
#      LUT2                        : 3
#      LUT3                        : 5
#      LUT4                        : 23
#      VCC                         : 1
# FlipFlops/Latches                : 14
#      FD                          : 14
# Clock Buffers                    : 4
#      BUFGP                       : 4
# IO Buffers                       : 28
#      IBUF                        : 4
#      OBUF                        : 24
=========================================================================

Device utilization summary:
---------------------------

Selected Device : 3s500efg320-4 

 Number of Slices:                       18  out of   4656     0%  
 Number of Slice Flip Flops:             14  out of   9312     0%  
 Number of 4 input LUTs:                 31  out of   9312     0%  
 Number of IOs:                          32
 Number of bonded IOBs:                  32  out of    232    13%  
 Number of GCLKs:                         4  out of     24    16%  

---------------------------
Partition Resource Summary:
---------------------------

  No Partitions were found in this design.

---------------------------


=========================================================================
TIMING REPORT

NOTE: THESE TIMING NUMBERS ARE ONLY A SYNTHESIS ESTIMATE.
      FOR ACCURATE TIMING INFORMATION PLEASE REFER TO THE TRACE REPORT
      GENERATED AFTER PLACE-and-ROUTE.

Clock Information:
------------------
-----------------------------------+------------------------+-------+
Clock Signal                       | Clock buffer(FF name)  | Load  |
-----------------------------------+------------------------+-------+
PB1                                | BUFGP                  | 4     |
PB2                                | BUFGP                  | 3     |
PB3                                | BUFGP                  | 4     |
PB4                                | BUFGP                  | 3     |
-----------------------------------+------------------------+-------+

Asynchronous Control Signals Information:
----------------------------------------
No asynchronous control signals found in this design

Timing Summary:
---------------
Speed Grade: -4

   Minimum period: No path found
   Minimum input arrival time before clock: 2.113ns
   Maximum output required time after clock: 13.021ns
   Maximum combinational path delay: No path found

Timing Detail:
--------------
All values displayed in nanoseconds (ns)

=========================================================================
Timing constraint: Default OFFSET IN BEFORE for Clock 'PB1'
  Total number of paths / destination ports: 4 / 4
-------------------------------------------------------------------------
Offset:              2.113ns (Levels of Logic = 1)
  Source:            s<2> (PAD)
  Destination:       a_2 (FF)
  Destination Clock: PB1 rising

  Data Path: s<2> to a_2
                                Gate     Net
    Cell:in->out      fanout   Delay   Delay  Logical Name (Net Name)
    ----------------------------------------  ------------
     IBUF:I->O             4   1.218   0.587  s_2_IBUF (s_2_IBUF)
     FD:D                      0.308          a_2
    ----------------------------------------
    Total                      2.113ns (1.526ns logic, 0.587ns route)
                                       (72.2% logic, 27.8% route)

=========================================================================
Timing constraint: Default OFFSET IN BEFORE for Clock 'PB2'
  Total number of paths / destination ports: 3 / 3
-------------------------------------------------------------------------
Offset:              2.113ns (Levels of Logic = 1)
  Source:            s<1> (PAD)
  Destination:       a_5 (FF)
  Destination Clock: PB2 rising

  Data Path: s<1> to a_5
                                Gate     Net
    Cell:in->out      fanout   Delay   Delay  Logical Name (Net Name)
    ----------------------------------------  ------------
     IBUF:I->O             4   1.218   0.587  s_1_IBUF (s_1_IBUF)
     FD:D                      0.308          a_5
    ----------------------------------------
    Total                      2.113ns (1.526ns logic, 0.587ns route)
                                       (72.2% logic, 27.8% route)

=========================================================================
Timing constraint: Default OFFSET IN BEFORE for Clock 'PB3'
  Total number of paths / destination ports: 4 / 4
-------------------------------------------------------------------------
Offset:              2.113ns (Levels of Logic = 1)
  Source:            s<2> (PAD)
  Destination:       b_2 (FF)
  Destination Clock: PB3 rising

  Data Path: s<2> to b_2
                                Gate     Net
    Cell:in->out      fanout   Delay   Delay  Logical Name (Net Name)
    ----------------------------------------  ------------
     IBUF:I->O             4   1.218   0.587  s_2_IBUF (s_2_IBUF)
     FD:D                      0.308          b_2
    ----------------------------------------
    Total                      2.113ns (1.526ns logic, 0.587ns route)
                                       (72.2% logic, 27.8% route)

=========================================================================
Timing constraint: Default OFFSET IN BEFORE for Clock 'PB4'
  Total number of paths / destination ports: 3 / 3
-------------------------------------------------------------------------
Offset:              2.113ns (Levels of Logic = 1)
  Source:            s<2> (PAD)
  Destination:       b_6 (FF)
  Destination Clock: PB4 rising

  Data Path: s<2> to b_6
                                Gate     Net
    Cell:in->out      fanout   Delay   Delay  Logical Name (Net Name)
    ----------------------------------------  ------------
     IBUF:I->O             4   1.218   0.587  s_2_IBUF (s_2_IBUF)
     FD:D                      0.308          b_6
    ----------------------------------------
    Total                      2.113ns (1.526ns logic, 0.587ns route)
                                       (72.2% logic, 27.8% route)

=========================================================================
Timing constraint: Default OFFSET OUT AFTER for Clock 'PB2'
  Total number of paths / destination ports: 194 / 21
-------------------------------------------------------------------------
Offset:              13.021ns (Levels of Logic = 7)
  Source:            a_6 (FF)
  Destination:       e<0> (PAD)
  Source Clock:      PB2 rising

  Data Path: a_6 to e<0>
                                Gate     Net
    Cell:in->out      fanout   Delay   Delay  Logical Name (Net Name)
    ----------------------------------------  ------------
     FD:C->Q               6   0.591   0.844  a_6 (a_6)
     LUT4:I0->O            4   0.704   0.762  SB2/eq21 (e_5_OBUF)
     LUT3:I0->O            4   0.704   0.762  SB3/eq21 (e_4_OBUF)
     LUT3:I0->O            4   0.704   0.762  SB4/eq21 (e_3_OBUF)
     LUT3:I0->O            4   0.704   0.762  SB5/eq21 (e_2_OBUF)
     LUT3:I0->O            2   0.704   0.622  SB6/eq21 (e_1_OBUF)
     LUT3:I0->O            1   0.704   0.420  SB7/eq21 (e_0_OBUF)
     OBUF:I->O                 3.272          e_0_OBUF (e<0>)
    ----------------------------------------
    Total                     13.021ns (8.087ns logic, 4.934ns route)
                                       (62.1% logic, 37.9% route)

=========================================================================
Timing constraint: Default OFFSET OUT AFTER for Clock 'PB4'
  Total number of paths / destination ports: 194 / 21
-------------------------------------------------------------------------
Offset:              12.925ns (Levels of Logic = 7)
  Source:            b_6 (FF)
  Destination:       e<0> (PAD)
  Source Clock:      PB4 rising

  Data Path: b_6 to e<0>
                                Gate     Net
    Cell:in->out      fanout   Delay   Delay  Logical Name (Net Name)
    ----------------------------------------  ------------
     FD:C->Q               6   0.591   0.748  b_6 (b_6)
     LUT4:I1->O            4   0.704   0.762  SB2/eq21 (e_5_OBUF)
     LUT3:I0->O            4   0.704   0.762  SB3/eq21 (e_4_OBUF)
     LUT3:I0->O            4   0.704   0.762  SB4/eq21 (e_3_OBUF)
     LUT3:I0->O            4   0.704   0.762  SB5/eq21 (e_2_OBUF)
     LUT3:I0->O            2   0.704   0.622  SB6/eq21 (e_1_OBUF)
     LUT3:I0->O            1   0.704   0.420  SB7/eq21 (e_0_OBUF)
     OBUF:I->O                 3.272          e_0_OBUF (e<0>)
    ----------------------------------------
    Total                     12.925ns (8.087ns logic, 4.838ns route)
                                       (62.6% logic, 37.4% route)

=========================================================================
Timing constraint: Default OFFSET OUT AFTER for Clock 'PB1'
  Total number of paths / destination ports: 42 / 12
-------------------------------------------------------------------------
Offset:              9.957ns (Levels of Logic = 5)
  Source:            a_3 (FF)
  Destination:       e<0> (PAD)
  Source Clock:      PB1 rising

  Data Path: a_3 to e<0>
                                Gate     Net
    Cell:in->out      fanout   Delay   Delay  Logical Name (Net Name)
    ----------------------------------------  ------------
     FD:C->Q               5   0.591   0.712  a_3 (a_3)
     LUT3:I1->O            4   0.704   0.762  SB4/eq21 (e_3_OBUF)
     LUT3:I0->O            4   0.704   0.762  SB5/eq21 (e_2_OBUF)
     LUT3:I0->O            2   0.704   0.622  SB6/eq21 (e_1_OBUF)
     LUT3:I0->O            1   0.704   0.420  SB7/eq21 (e_0_OBUF)
     OBUF:I->O                 3.272          e_0_OBUF (e<0>)
    ----------------------------------------
    Total                      9.957ns (6.679ns logic, 3.278ns route)
                                       (67.1% logic, 32.9% route)

=========================================================================
Timing constraint: Default OFFSET OUT AFTER for Clock 'PB3'
  Total number of paths / destination ports: 42 / 12
-------------------------------------------------------------------------
Offset:              9.913ns (Levels of Logic = 5)
  Source:            b_3 (FF)
  Destination:       e<0> (PAD)
  Source Clock:      PB3 rising

  Data Path: b_3 to e<0>
                                Gate     Net
    Cell:in->out      fanout   Delay   Delay  Logical Name (Net Name)
    ----------------------------------------  ------------
     FD:C->Q               5   0.591   0.668  b_3 (b_3)
     LUT3:I2->O            4   0.704   0.762  SB4/eq21 (e_3_OBUF)
     LUT3:I0->O            4   0.704   0.762  SB5/eq21 (e_2_OBUF)
     LUT3:I0->O            2   0.704   0.622  SB6/eq21 (e_1_OBUF)
     LUT3:I0->O            1   0.704   0.420  SB7/eq21 (e_0_OBUF)
     OBUF:I->O                 3.272          e_0_OBUF (e<0>)
    ----------------------------------------
    Total                      9.913ns (6.679ns logic, 3.234ns route)
                                       (67.4% logic, 32.6% route)

=========================================================================


Total REAL time to Xst completion: 7.00 secs
Total CPU time to Xst completion: 6.81 secs
 
--> 


Total memory usage is 501548 kilobytes

Number of errors   :    0 (   0 filtered)
Number of warnings :    0 (   0 filtered)
Number of infos    :    0 (   0 filtered)

