Running: /opt/Xilinx/14.7/ISE_DS/ISE/bin/lin64/unwrapped/fuse -intstyle ise -incremental -lib unisims_ver -lib unimacro_ver -lib xilinxcorelib_ver -o /users/btech/pk/Documents/Lab2_3/comparator/compare_top_isim_beh.exe -prj /users/btech/pk/Documents/Lab2_3/comparator/compare_top_beh.prj work.compare_top work.glbl 
ISim P.20131013 (signature 0xfbc00daa)
Number of CPUs detected in this system: 4
Turning on mult-threading, number of parallel sub-compilation jobs: 8 
Determining compilation order of HDL files
Analyzing Verilog file "/users/btech/pk/Documents/Lab2_3/comparator/comparator.v" into library work
Analyzing Verilog file "/users/btech/pk/Documents/Lab2_3/comparator/comparator_top.v" into library work
WARNING:HDLCompiler:568 - "/users/btech/pk/Documents/Lab2_3/comparator/comparator_top.v" Line 64: Constant value is truncated to fit in <3> bits.
WARNING:HDLCompiler:568 - "/users/btech/pk/Documents/Lab2_3/comparator/comparator_top.v" Line 68: Constant value is truncated to fit in <3> bits.
Analyzing Verilog file "/opt/Xilinx/14.7/ISE_DS/ISE//verilog/src/glbl.v" into library work
Starting static elaboration
Completed static elaboration
Fuse Memory Usage: 82816 KB
Fuse CPU Usage: 2440 ms
Compiling module single_bit
Compiling module compare
Compiling module compare_top
Compiling module glbl
Time Resolution for simulation is 1ps.
Compiled 4 Verilog Units
Built simulation executable /users/btech/pk/Documents/Lab2_3/comparator/compare_top_isim_beh.exe
Fuse Memory Usage: 643068 KB
Fuse CPU Usage: 2470 ms
GCC CPU Usage: 860 ms
