Running: /opt/Xilinx/14.7/ISE_DS/ISE/bin/lin64/unwrapped/fuse -intstyle ise -incremental -lib unisims_ver -lib unimacro_ver -lib xilinxcorelib_ver -o /users/btech/pk/Documents/Lab5/Rotary_Shaft/rotary_shaft_encoder_isim_beh.exe -prj /users/btech/pk/Documents/Lab5/Rotary_Shaft/rotary_shaft_encoder_beh.prj work.rotary_shaft_encoder work.glbl 
ISim P.20131013 (signature 0xfbc00daa)
Number of CPUs detected in this system: 4
Turning on mult-threading, number of parallel sub-compilation jobs: 8 
Determining compilation order of HDL files
Analyzing Verilog file "/users/btech/pk/Documents/Lab5/Rotary_Shaft/Rotary_Shaft.v" into library work
Analyzing Verilog file "/opt/Xilinx/14.7/ISE_DS/ISE//verilog/src/glbl.v" into library work
Starting static elaboration
Completed static elaboration
Fuse Memory Usage: 82816 KB
Fuse CPU Usage: 3050 ms
Compiling module rotation_event_module
Compiling module shift_LED
Compiling module rotary_shaft_encoder
Compiling module glbl
Time Resolution for simulation is 1ps.
Waiting for 1 sub-compilation(s) to finish...
Compiled 4 Verilog Units
Built simulation executable /users/btech/pk/Documents/Lab5/Rotary_Shaft/rotary_shaft_encoder_isim_beh.exe
Fuse Memory Usage: 642980 KB
Fuse CPU Usage: 3070 ms
GCC CPU Usage: 850 ms
