Running: /opt/Xilinx/14.7/ISE_DS/ISE/bin/lin64/unwrapped/fuse -intstyle ise -incremental -lib unisims_ver -lib unimacro_ver -lib xilinxcorelib_ver -o /users/btech/pk/Documents/Lab2_1/two_bit_adder/two_bit_adder_top_isim_beh.exe -prj /users/btech/pk/Documents/Lab2_1/two_bit_adder/two_bit_adder_top_beh.prj work.two_bit_adder_top work.glbl 
ISim P.20131013 (signature 0xfbc00daa)
Number of CPUs detected in this system: 4
Turning on mult-threading, number of parallel sub-compilation jobs: 8 
Determining compilation order of HDL files
Analyzing Verilog file "/users/btech/pk/Documents/Lab2_1/two_bit_adder/two_bit_adder.v" into library work
Analyzing Verilog file "/users/btech/pk/Documents/Lab2_1/two_bit_adder/two_bit_adder_top.v" into library work
Analyzing Verilog file "/opt/Xilinx/14.7/ISE_DS/ISE//verilog/src/glbl.v" into library work
Starting static elaboration
WARNING:HDLCompiler:189 - "/users/btech/pk/Documents/Lab2_1/two_bit_adder/two_bit_adder.v" Line 41: Size mismatch in connection of port <cin>. Formal port size is 1-bit while actual signal size is 32-bit.
Completed static elaboration
Fuse Memory Usage: 82796 KB
Fuse CPU Usage: 2150 ms
Compiling module full_adder
Compiling module two_bit_adder
Compiling module two_bit_adder_top
Compiling module glbl
Time Resolution for simulation is 1ps.
Compiled 4 Verilog Units
Built simulation executable /users/btech/pk/Documents/Lab2_1/two_bit_adder/two_bit_adder_top_isim_beh.exe
Fuse Memory Usage: 643008 KB
Fuse CPU Usage: 2170 ms
GCC CPU Usage: 690 ms
