ISim log file
Running: /users/btech/pk/Documents/Lab2_1/two_bit_adder/two_bit_adder_top_isim_beh.exe -intstyle ise -gui -tclbatch isim.cmd -wdb /users/btech/pk/Documents/Lab2_1/two_bit_adder/two_bit_adder_top_isim_beh.wdb 
ISim P.20131013 (signature 0xfbc00daa)
WARNING: A WEBPACK license was found.
WARNING: Please use Xilinx License Configuration Manager to check out a full ISim license.
WARNING: ISim will run in Lite mode. Please refer to the ISim documentation for more information on the differences between the Lite and the Full version.
This is a Lite version of ISim.
WARNING:  For instance uut/FA0/, width 1 of formal port cin is not equal to width 32 of actual constant.
Time resolution is 1 ps
# onerror resume
# wave add /
# run 1000 ns
Simulator is doing circuit initialization process.
Time:                    0, 1 0 + 1 1 = 1 0 1 

Finished circuit initialization process.
Time:                   10, 1 1 + 1 1 = 1 0 0 

Time:                   10, 1 1 + 1 1 = 1 1 0 

Time:                   20, 0 0 + 1 0 = 0 1 0 

Stopped at time : 30 ns : File "/users/btech/pk/Documents/Lab2_1/two_bit_adder/two_bit_adder_top.v" Line 54
# exit 0
