Running: /opt/Xilinx/14.7/ISE_DS/ISE/bin/lin64/unwrapped/fuse -intstyle ise -incremental -lib unisims_ver -lib unimacro_ver -lib xilinxcorelib_ver -o /users/btech/rajvm22/Documents/LAB5_1/rotary_shaft_encoder/rotary_shaft_encoder_isim_beh.exe -prj /users/btech/rajvm22/Documents/LAB5_1/rotary_shaft_encoder/rotary_shaft_encoder_beh.prj work.rotary_shaft_encoder work.glbl 
ISim P.20131013 (signature 0xfbc00daa)
Number of CPUs detected in this system: 4
Turning on mult-threading, number of parallel sub-compilation jobs: 8 
Determining compilation order of HDL files
Analyzing Verilog file "/users/btech/rajvm22/Documents/LAB5_1/rotary_shaft_encoder/rotary_shaft_encoder.v" into library work
Analyzing Verilog file "/opt/Xilinx/14.7/ISE_DS/ISE//verilog/src/glbl.v" into library work
Starting static elaboration
Completed static elaboration
Fuse Memory Usage: 82812 KB
Fuse CPU Usage: 2220 ms
Compiling module rotation_event_module
Compiling module shift_LED
Compiling module rotary_shaft_encoder
Compiling module glbl
Time Resolution for simulation is 1ps.
Compiled 4 Verilog Units
Built simulation executable /users/btech/rajvm22/Documents/LAB5_1/rotary_shaft_encoder/rotary_shaft_encoder_isim_beh.exe
Fuse Memory Usage: 642980 KB
Fuse CPU Usage: 2240 ms
GCC CPU Usage: 780 ms
