--------------------------------------------------------------------------------
Release 14.7 Trace  (lin64)
Copyright (c) 1995-2013 Xilinx, Inc.  All rights reserved.

/opt/Xilinx/14.7/ISE_DS/ISE/bin/lin64/unwrapped/trce -intstyle ise -v 3 -s 4 -n
3 -fastpaths -xml top.twx top.ncd -o top.twr top.pcf -ucf top.ucf

Design file:              top.ncd
Physical constraint file: top.pcf
Device,package,speed:     xc3s500e,fg320,-4 (PRODUCTION 1.27 2013-10-13)
Report level:             verbose report

Environment Variable      Effect 
--------------------      ------ 
NONE                      No environment variables were set
--------------------------------------------------------------------------------

INFO:Timing:3412 - To improve timing, see the Timing Closure User Guide (UG612).
INFO:Timing:2752 - To get complete path coverage, use the unconstrained paths 
   option. All paths that are not constrained will be reported in the 
   unconstrained paths section(s) of the report.
INFO:Timing:3339 - The clock-to-out numbers in this timing report are based on 
   a 50 Ohm transmission line loading model.  For the details of this model, 
   and for more information on accounting for different loading conditions, 
   please see the device datasheet.
INFO:Timing:3390 - This architecture does not support a default System Jitter 
   value, please add SYSTEM_JITTER constraint to the UCF to modify the Clock 
   Uncertainty calculation.
INFO:Timing:3389 - This architecture does not support 'Discrete Jitter' and 
   'Phase Error' calculations, these terms will be zero in the Clock 
   Uncertainty calculation.  Please make appropriate modification to 
   SYSTEM_JITTER to account for the unsupported Discrete Jitter and Phase 
   Error.

================================================================================
Timing constraint: NET "clk_BUFGP/IBUFG" PERIOD = 2 ns HIGH 40%;
For more information, see Period Analysis in the Timing Closure User Guide (UG612).

 82194 paths analyzed, 3427 endpoints analyzed, 3178 failing endpoints
 3540 timing errors detected. (3178 setup errors, 0 hold errors, 362 component switching limit errors)
 Minimum period is  10.847ns.
--------------------------------------------------------------------------------

Paths for end point L0/databits_0 (SLICE_X37Y24.F4), 260 paths
--------------------------------------------------------------------------------
Slack (setup path):     -8.847ns (requirement - (data path - clock path skew + uncertainty))
  Source:               L0/state_5_1 (FF)
  Destination:          L0/databits_0 (FF)
  Requirement:          2.000ns
  Data Path Delay:      10.828ns (Levels of Logic = 7)(Component delays alone exceeds constraint)
  Clock Path Skew:      -0.019ns (0.085 - 0.104)
  Source Clock:         clk_BUFGP rising at 0.000ns
  Destination Clock:    clk_BUFGP rising at 2.000ns
  Clock Uncertainty:    0.000ns

  Maximum Data Path: L0/state_5_1 to L0/databits_0
    Location             Delay type         Delay(ns)  Physical Resource
                                                       Logical Resource(s)
    -------------------------------------------------  -------------------
    SLICE_X37Y10.YQ      Tcko                  0.587   L0/state_5_1
                                                       L0/state_5_1
    SLICE_X29Y10.G4      net (fanout=16)       1.194   L0/state_5_1
    SLICE_X29Y10.Y       Tilo                  0.704   L0/LCD_RS_mux00002802
                                                       L0/LCD_RS_mux00002802_SW0
    SLICE_X29Y10.F3      net (fanout=1)        0.023   L0/LCD_RS_mux00002802_SW0/O
    SLICE_X29Y10.X       Tilo                  0.704   L0/LCD_RS_mux00002802
                                                       L0/LCD_RS_mux00002802
    SLICE_X42Y13.F4      net (fanout=1)        1.219   L0/LCD_RS_mux00002802
    SLICE_X42Y13.X       Tilo                  0.759   L0/LCD_RS_mux00002830
                                                       L0/LCD_RS_mux00002830
    SLICE_X41Y9.G3       net (fanout=1)        0.593   L0/LCD_RS_mux00002830
    SLICE_X41Y9.Y        Tilo                  0.704   L0/LCD_RS_mux00002919
                                                       L0/LCD_RS_mux00002892
    SLICE_X41Y9.F4       net (fanout=2)        0.044   L0/LCD_RS_mux00002892
    SLICE_X41Y9.X        Tilo                  0.704   L0/LCD_RS_mux00002919
                                                       L0/LCD_RS_mux00002919
    SLICE_X32Y19.G1      net (fanout=1)        1.275   L0/LCD_RS_mux00002919
    SLICE_X32Y19.Y       Tilo                  0.759   L0/databits<2>
                                                       L0/LCD_RS_mux00002944
    SLICE_X37Y24.F4      net (fanout=4)        0.722   L0/N7
    SLICE_X37Y24.CLK     Tfck                  0.837   L0/databits<0>
                                                       L0/databits_mux0000<3>467
                                                       L0/databits_0
    -------------------------------------------------  ---------------------------
    Total                                     10.828ns (5.758ns logic, 5.070ns route)
                                                       (53.2% logic, 46.8% route)

--------------------------------------------------------------------------------
Slack (setup path):     -8.599ns (requirement - (data path - clock path skew + uncertainty))
  Source:               L0/state_4 (FF)
  Destination:          L0/databits_0 (FF)
  Requirement:          2.000ns
  Data Path Delay:      10.584ns (Levels of Logic = 6)(Component delays alone exceeds constraint)
  Clock Path Skew:      -0.015ns (0.085 - 0.100)
  Source Clock:         clk_BUFGP rising at 0.000ns
  Destination Clock:    clk_BUFGP rising at 2.000ns
  Clock Uncertainty:    0.000ns

  Maximum Data Path: L0/state_4 to L0/databits_0
    Location             Delay type         Delay(ns)  Physical Resource
                                                       Logical Resource(s)
    -------------------------------------------------  -------------------
    SLICE_X37Y14.XQ      Tcko                  0.591   L0/state<4>
                                                       L0/state_4
    SLICE_X34Y13.G4      net (fanout=102)      1.801   L0/state<4>
    SLICE_X34Y13.Y       Tilo                  0.759   L0/N13
                                                       L0/LCD_RS_mux00002612_SW0_SW0
    SLICE_X42Y11.G4      net (fanout=1)        0.902   N418
    SLICE_X42Y11.Y       Tilo                  0.759   L0/LCD_RS_mux00002624
                                                       L0/LCD_RS_mux00002612_SW0
    SLICE_X42Y11.F3      net (fanout=1)        0.023   L0/LCD_RS_mux00002612_SW0/O
    SLICE_X42Y11.X       Tilo                  0.759   L0/LCD_RS_mux00002624
                                                       L0/LCD_RS_mux00002624
    SLICE_X41Y9.F3       net (fanout=2)        0.693   L0/LCD_RS_mux00002624
    SLICE_X41Y9.X        Tilo                  0.704   L0/LCD_RS_mux00002919
                                                       L0/LCD_RS_mux00002919
    SLICE_X32Y19.G1      net (fanout=1)        1.275   L0/LCD_RS_mux00002919
    SLICE_X32Y19.Y       Tilo                  0.759   L0/databits<2>
                                                       L0/LCD_RS_mux00002944
    SLICE_X37Y24.F4      net (fanout=4)        0.722   L0/N7
    SLICE_X37Y24.CLK     Tfck                  0.837   L0/databits<0>
                                                       L0/databits_mux0000<3>467
                                                       L0/databits_0
    -------------------------------------------------  ---------------------------
    Total                                     10.584ns (5.168ns logic, 5.416ns route)
                                                       (48.8% logic, 51.2% route)

--------------------------------------------------------------------------------
Slack (setup path):     -8.582ns (requirement - (data path - clock path skew + uncertainty))
  Source:               L0/state_2_2 (FF)
  Destination:          L0/databits_0 (FF)
  Requirement:          2.000ns
  Data Path Delay:      10.561ns (Levels of Logic = 7)(Component delays alone exceeds constraint)
  Clock Path Skew:      -0.021ns (0.108 - 0.129)
  Source Clock:         clk_BUFGP rising at 0.000ns
  Destination Clock:    clk_BUFGP rising at 2.000ns
  Clock Uncertainty:    0.000ns

  Maximum Data Path: L0/state_2_2 to L0/databits_0
    Location             Delay type         Delay(ns)  Physical Resource
                                                       Logical Resource(s)
    -------------------------------------------------  -------------------
    SLICE_X33Y11.YQ      Tcko                  0.587   L0/state_2_2
                                                       L0/state_2_2
    SLICE_X29Y10.G3      net (fanout=15)       0.927   L0/state_2_2
    SLICE_X29Y10.Y       Tilo                  0.704   L0/LCD_RS_mux00002802
                                                       L0/LCD_RS_mux00002802_SW0
    SLICE_X29Y10.F3      net (fanout=1)        0.023   L0/LCD_RS_mux00002802_SW0/O
    SLICE_X29Y10.X       Tilo                  0.704   L0/LCD_RS_mux00002802
                                                       L0/LCD_RS_mux00002802
    SLICE_X42Y13.F4      net (fanout=1)        1.219   L0/LCD_RS_mux00002802
    SLICE_X42Y13.X       Tilo                  0.759   L0/LCD_RS_mux00002830
                                                       L0/LCD_RS_mux00002830
    SLICE_X41Y9.G3       net (fanout=1)        0.593   L0/LCD_RS_mux00002830
    SLICE_X41Y9.Y        Tilo                  0.704   L0/LCD_RS_mux00002919
                                                       L0/LCD_RS_mux00002892
    SLICE_X41Y9.F4       net (fanout=2)        0.044   L0/LCD_RS_mux00002892
    SLICE_X41Y9.X        Tilo                  0.704   L0/LCD_RS_mux00002919
                                                       L0/LCD_RS_mux00002919
    SLICE_X32Y19.G1      net (fanout=1)        1.275   L0/LCD_RS_mux00002919
    SLICE_X32Y19.Y       Tilo                  0.759   L0/databits<2>
                                                       L0/LCD_RS_mux00002944
    SLICE_X37Y24.F4      net (fanout=4)        0.722   L0/N7
    SLICE_X37Y24.CLK     Tfck                  0.837   L0/databits<0>
                                                       L0/databits_mux0000<3>467
                                                       L0/databits_0
    -------------------------------------------------  ---------------------------
    Total                                     10.561ns (5.758ns logic, 4.803ns route)
                                                       (54.5% logic, 45.5% route)

--------------------------------------------------------------------------------

Paths for end point L0/databits_1 (SLICE_X32Y21.F4), 260 paths
--------------------------------------------------------------------------------
Slack (setup path):     -8.551ns (requirement - (data path - clock path skew + uncertainty))
  Source:               L0/state_5_1 (FF)
  Destination:          L0/databits_1 (FF)
  Requirement:          2.000ns
  Data Path Delay:      10.551ns (Levels of Logic = 7)(Component delays alone exceeds constraint)
  Clock Path Skew:      0.000ns
  Source Clock:         clk_BUFGP rising at 0.000ns
  Destination Clock:    clk_BUFGP rising at 2.000ns
  Clock Uncertainty:    0.000ns

  Maximum Data Path: L0/state_5_1 to L0/databits_1
    Location             Delay type         Delay(ns)  Physical Resource
                                                       Logical Resource(s)
    -------------------------------------------------  -------------------
    SLICE_X37Y10.YQ      Tcko                  0.587   L0/state_5_1
                                                       L0/state_5_1
    SLICE_X29Y10.G4      net (fanout=16)       1.194   L0/state_5_1
    SLICE_X29Y10.Y       Tilo                  0.704   L0/LCD_RS_mux00002802
                                                       L0/LCD_RS_mux00002802_SW0
    SLICE_X29Y10.F3      net (fanout=1)        0.023   L0/LCD_RS_mux00002802_SW0/O
    SLICE_X29Y10.X       Tilo                  0.704   L0/LCD_RS_mux00002802
                                                       L0/LCD_RS_mux00002802
    SLICE_X42Y13.F4      net (fanout=1)        1.219   L0/LCD_RS_mux00002802
    SLICE_X42Y13.X       Tilo                  0.759   L0/LCD_RS_mux00002830
                                                       L0/LCD_RS_mux00002830
    SLICE_X41Y9.G3       net (fanout=1)        0.593   L0/LCD_RS_mux00002830
    SLICE_X41Y9.Y        Tilo                  0.704   L0/LCD_RS_mux00002919
                                                       L0/LCD_RS_mux00002892
    SLICE_X41Y9.F4       net (fanout=2)        0.044   L0/LCD_RS_mux00002892
    SLICE_X41Y9.X        Tilo                  0.704   L0/LCD_RS_mux00002919
                                                       L0/LCD_RS_mux00002919
    SLICE_X32Y19.G1      net (fanout=1)        1.275   L0/LCD_RS_mux00002919
    SLICE_X32Y19.Y       Tilo                  0.759   L0/databits<2>
                                                       L0/LCD_RS_mux00002944
    SLICE_X32Y21.F4      net (fanout=4)        0.390   L0/N7
    SLICE_X32Y21.CLK     Tfck                  0.892   L0/databits<1>
                                                       L0/databits_mux0000<2>248
                                                       L0/databits_1
    -------------------------------------------------  ---------------------------
    Total                                     10.551ns (5.813ns logic, 4.738ns route)
                                                       (55.1% logic, 44.9% route)

--------------------------------------------------------------------------------
Slack (setup path):     -8.307ns (requirement - (data path - clock path skew + uncertainty))
  Source:               L0/state_4 (FF)
  Destination:          L0/databits_1 (FF)
  Requirement:          2.000ns
  Data Path Delay:      10.307ns (Levels of Logic = 6)(Component delays alone exceeds constraint)
  Clock Path Skew:      0.000ns
  Source Clock:         clk_BUFGP rising at 0.000ns
  Destination Clock:    clk_BUFGP rising at 2.000ns
  Clock Uncertainty:    0.000ns

  Maximum Data Path: L0/state_4 to L0/databits_1
    Location             Delay type         Delay(ns)  Physical Resource
                                                       Logical Resource(s)
    -------------------------------------------------  -------------------
    SLICE_X37Y14.XQ      Tcko                  0.591   L0/state<4>
                                                       L0/state_4
    SLICE_X34Y13.G4      net (fanout=102)      1.801   L0/state<4>
    SLICE_X34Y13.Y       Tilo                  0.759   L0/N13
                                                       L0/LCD_RS_mux00002612_SW0_SW0
    SLICE_X42Y11.G4      net (fanout=1)        0.902   N418
    SLICE_X42Y11.Y       Tilo                  0.759   L0/LCD_RS_mux00002624
                                                       L0/LCD_RS_mux00002612_SW0
    SLICE_X42Y11.F3      net (fanout=1)        0.023   L0/LCD_RS_mux00002612_SW0/O
    SLICE_X42Y11.X       Tilo                  0.759   L0/LCD_RS_mux00002624
                                                       L0/LCD_RS_mux00002624
    SLICE_X41Y9.F3       net (fanout=2)        0.693   L0/LCD_RS_mux00002624
    SLICE_X41Y9.X        Tilo                  0.704   L0/LCD_RS_mux00002919
                                                       L0/LCD_RS_mux00002919
    SLICE_X32Y19.G1      net (fanout=1)        1.275   L0/LCD_RS_mux00002919
    SLICE_X32Y19.Y       Tilo                  0.759   L0/databits<2>
                                                       L0/LCD_RS_mux00002944
    SLICE_X32Y21.F4      net (fanout=4)        0.390   L0/N7
    SLICE_X32Y21.CLK     Tfck                  0.892   L0/databits<1>
                                                       L0/databits_mux0000<2>248
                                                       L0/databits_1
    -------------------------------------------------  ---------------------------
    Total                                     10.307ns (5.223ns logic, 5.084ns route)
                                                       (50.7% logic, 49.3% route)

--------------------------------------------------------------------------------
Slack (setup path):     -8.284ns (requirement - (data path - clock path skew + uncertainty))
  Source:               L0/state_2_2 (FF)
  Destination:          L0/databits_1 (FF)
  Requirement:          2.000ns
  Data Path Delay:      10.284ns (Levels of Logic = 7)(Component delays alone exceeds constraint)
  Clock Path Skew:      0.000ns
  Source Clock:         clk_BUFGP rising at 0.000ns
  Destination Clock:    clk_BUFGP rising at 2.000ns
  Clock Uncertainty:    0.000ns

  Maximum Data Path: L0/state_2_2 to L0/databits_1
    Location             Delay type         Delay(ns)  Physical Resource
                                                       Logical Resource(s)
    -------------------------------------------------  -------------------
    SLICE_X33Y11.YQ      Tcko                  0.587   L0/state_2_2
                                                       L0/state_2_2
    SLICE_X29Y10.G3      net (fanout=15)       0.927   L0/state_2_2
    SLICE_X29Y10.Y       Tilo                  0.704   L0/LCD_RS_mux00002802
                                                       L0/LCD_RS_mux00002802_SW0
    SLICE_X29Y10.F3      net (fanout=1)        0.023   L0/LCD_RS_mux00002802_SW0/O
    SLICE_X29Y10.X       Tilo                  0.704   L0/LCD_RS_mux00002802
                                                       L0/LCD_RS_mux00002802
    SLICE_X42Y13.F4      net (fanout=1)        1.219   L0/LCD_RS_mux00002802
    SLICE_X42Y13.X       Tilo                  0.759   L0/LCD_RS_mux00002830
                                                       L0/LCD_RS_mux00002830
    SLICE_X41Y9.G3       net (fanout=1)        0.593   L0/LCD_RS_mux00002830
    SLICE_X41Y9.Y        Tilo                  0.704   L0/LCD_RS_mux00002919
                                                       L0/LCD_RS_mux00002892
    SLICE_X41Y9.F4       net (fanout=2)        0.044   L0/LCD_RS_mux00002892
    SLICE_X41Y9.X        Tilo                  0.704   L0/LCD_RS_mux00002919
                                                       L0/LCD_RS_mux00002919
    SLICE_X32Y19.G1      net (fanout=1)        1.275   L0/LCD_RS_mux00002919
    SLICE_X32Y19.Y       Tilo                  0.759   L0/databits<2>
                                                       L0/LCD_RS_mux00002944
    SLICE_X32Y21.F4      net (fanout=4)        0.390   L0/N7
    SLICE_X32Y21.CLK     Tfck                  0.892   L0/databits<1>
                                                       L0/databits_mux0000<2>248
                                                       L0/databits_1
    -------------------------------------------------  ---------------------------
    Total                                     10.284ns (5.813ns logic, 4.471ns route)
                                                       (56.5% logic, 43.5% route)

--------------------------------------------------------------------------------

Paths for end point L0/databits_0 (SLICE_X37Y24.F3), 561 paths
--------------------------------------------------------------------------------
Slack (setup path):     -8.521ns (requirement - (data path - clock path skew + uncertainty))
  Source:               L0/state_6 (FF)
  Destination:          L0/databits_0 (FF)
  Requirement:          2.000ns
  Data Path Delay:      10.506ns (Levels of Logic = 7)(Component delays alone exceeds constraint)
  Clock Path Skew:      -0.015ns (0.085 - 0.100)
  Source Clock:         clk_BUFGP rising at 0.000ns
  Destination Clock:    clk_BUFGP rising at 2.000ns
  Clock Uncertainty:    0.000ns

  Maximum Data Path: L0/state_6 to L0/databits_0
    Location             Delay type         Delay(ns)  Physical Resource
                                                       Logical Resource(s)
    -------------------------------------------------  -------------------
    SLICE_X37Y15.XQ      Tcko                  0.591   L0/state<6>
                                                       L0/state_6
    SLICE_X35Y13.G2      net (fanout=94)       1.791   L0/state<6>
    SLICE_X35Y13.Y       Tilo                  0.704   L0/LCD_E_cmp_eq0210
                                                       L0/LCD_E_cmp_eq017621
    SLICE_X36Y16.F3      net (fanout=3)        0.627   L0/N50
    SLICE_X36Y16.X       Tilo                  0.759   L0/LCD_E_cmp_eq0176
                                                       L0/LCD_E_cmp_eq01762
    SLICE_X40Y11.G1      net (fanout=3)        0.778   L0/LCD_E_cmp_eq0176
    SLICE_X40Y11.Y       Tilo                  0.759   L0/databits_mux0000<3>29
                                                       L0/databits_mux0000<3>19
    SLICE_X40Y11.F3      net (fanout=1)        0.023   L0/databits_mux0000<3>19/O
    SLICE_X40Y11.X       Tilo                  0.759   L0/databits_mux0000<3>29
                                                       L0/databits_mux0000<3>29
    SLICE_X40Y21.F4      net (fanout=1)        0.775   L0/databits_mux0000<3>29
    SLICE_X40Y21.X       Tilo                  0.759   L0/databits_mux0000<3>113
                                                       L0/databits_mux0000<3>113
    SLICE_X37Y24.G2      net (fanout=1)        0.617   L0/databits_mux0000<3>113
    SLICE_X37Y24.Y       Tilo                  0.704   L0/databits<0>
                                                       L0/databits_mux0000<3>443
    SLICE_X37Y24.F3      net (fanout=1)        0.023   L0/databits_mux0000<3>443/O
    SLICE_X37Y24.CLK     Tfck                  0.837   L0/databits<0>
                                                       L0/databits_mux0000<3>467
                                                       L0/databits_0
    -------------------------------------------------  ---------------------------
    Total                                     10.506ns (5.872ns logic, 4.634ns route)
                                                       (55.9% logic, 44.1% route)

--------------------------------------------------------------------------------
Slack (setup path):     -8.380ns (requirement - (data path - clock path skew + uncertainty))
  Source:               L0/state_2_1 (FF)
  Destination:          L0/databits_0 (FF)
  Requirement:          2.000ns
  Data Path Delay:      10.371ns (Levels of Logic = 7)(Component delays alone exceeds constraint)
  Clock Path Skew:      -0.009ns (0.085 - 0.094)
  Source Clock:         clk_BUFGP rising at 0.000ns
  Destination Clock:    clk_BUFGP rising at 2.000ns
  Clock Uncertainty:    0.000ns

  Maximum Data Path: L0/state_2_1 to L0/databits_0
    Location             Delay type         Delay(ns)  Physical Resource
                                                       Logical Resource(s)
    -------------------------------------------------  -------------------
    SLICE_X41Y14.YQ      Tcko                  0.587   L0/state_2_1
                                                       L0/state_2_1
    SLICE_X35Y13.G1      net (fanout=15)       1.660   L0/state_2_1
    SLICE_X35Y13.Y       Tilo                  0.704   L0/LCD_E_cmp_eq0210
                                                       L0/LCD_E_cmp_eq017621
    SLICE_X36Y16.F3      net (fanout=3)        0.627   L0/N50
    SLICE_X36Y16.X       Tilo                  0.759   L0/LCD_E_cmp_eq0176
                                                       L0/LCD_E_cmp_eq01762
    SLICE_X40Y11.G1      net (fanout=3)        0.778   L0/LCD_E_cmp_eq0176
    SLICE_X40Y11.Y       Tilo                  0.759   L0/databits_mux0000<3>29
                                                       L0/databits_mux0000<3>19
    SLICE_X40Y11.F3      net (fanout=1)        0.023   L0/databits_mux0000<3>19/O
    SLICE_X40Y11.X       Tilo                  0.759   L0/databits_mux0000<3>29
                                                       L0/databits_mux0000<3>29
    SLICE_X40Y21.F4      net (fanout=1)        0.775   L0/databits_mux0000<3>29
    SLICE_X40Y21.X       Tilo                  0.759   L0/databits_mux0000<3>113
                                                       L0/databits_mux0000<3>113
    SLICE_X37Y24.G2      net (fanout=1)        0.617   L0/databits_mux0000<3>113
    SLICE_X37Y24.Y       Tilo                  0.704   L0/databits<0>
                                                       L0/databits_mux0000<3>443
    SLICE_X37Y24.F3      net (fanout=1)        0.023   L0/databits_mux0000<3>443/O
    SLICE_X37Y24.CLK     Tfck                  0.837   L0/databits<0>
                                                       L0/databits_mux0000<3>467
                                                       L0/databits_0
    -------------------------------------------------  ---------------------------
    Total                                     10.371ns (5.868ns logic, 4.503ns route)
                                                       (56.6% logic, 43.4% route)

--------------------------------------------------------------------------------
Slack (setup path):     -8.379ns (requirement - (data path - clock path skew + uncertainty))
  Source:               L0/state_1 (FF)
  Destination:          L0/databits_0 (FF)
  Requirement:          2.000ns
  Data Path Delay:      10.362ns (Levels of Logic = 6)(Component delays alone exceeds constraint)
  Clock Path Skew:      -0.017ns (0.085 - 0.102)
  Source Clock:         clk_BUFGP rising at 0.000ns
  Destination Clock:    clk_BUFGP rising at 2.000ns
  Clock Uncertainty:    0.000ns

  Maximum Data Path: L0/state_1 to L0/databits_0
    Location             Delay type         Delay(ns)  Physical Resource
                                                       Logical Resource(s)
    -------------------------------------------------  -------------------
    SLICE_X37Y12.YQ      Tcko                  0.587   L0/state<0>
                                                       L0/state_1
    SLICE_X42Y15.G1      net (fanout=59)       1.986   L0/state<1>
    SLICE_X42Y15.Y       Tilo                  0.759   L0/LCD_RS_cmp_eq0000
                                                       L0/LCD_RS_cmp_eq00001_SW0
    SLICE_X42Y16.G1      net (fanout=2)        0.432   N338
    SLICE_X42Y16.X       Tif5x                 1.152   L0/databits_mux0000<3>5
                                                       L0/databits_mux0000<3>5_F
                                                       L0/databits_mux0000<3>5
    SLICE_X40Y11.F1      net (fanout=1)        0.972   L0/databits_mux0000<3>5
    SLICE_X40Y11.X       Tilo                  0.759   L0/databits_mux0000<3>29
                                                       L0/databits_mux0000<3>29
    SLICE_X40Y21.F4      net (fanout=1)        0.775   L0/databits_mux0000<3>29
    SLICE_X40Y21.X       Tilo                  0.759   L0/databits_mux0000<3>113
                                                       L0/databits_mux0000<3>113
    SLICE_X37Y24.G2      net (fanout=1)        0.617   L0/databits_mux0000<3>113
    SLICE_X37Y24.Y       Tilo                  0.704   L0/databits<0>
                                                       L0/databits_mux0000<3>443
    SLICE_X37Y24.F3      net (fanout=1)        0.023   L0/databits_mux0000<3>443/O
    SLICE_X37Y24.CLK     Tfck                  0.837   L0/databits<0>
                                                       L0/databits_mux0000<3>467
                                                       L0/databits_0
    -------------------------------------------------  ---------------------------
    Total                                     10.362ns (5.557ns logic, 4.805ns route)
                                                       (53.6% logic, 46.4% route)

--------------------------------------------------------------------------------

Hold Paths: NET "clk_BUFGP/IBUFG" PERIOD = 2 ns HIGH 40%;
--------------------------------------------------------------------------------

Paths for end point I0/mem_block_2_8 (SLICE_X37Y61.F3), 1 path
--------------------------------------------------------------------------------
Slack (hold path):      1.314ns (requirement - (clock path skew + uncertainty - data path))
  Source:               I0/mem_block_2_8 (FF)
  Destination:          I0/mem_block_2_8 (FF)
  Requirement:          0.000ns
  Data Path Delay:      1.314ns (Levels of Logic = 1)
  Clock Path Skew:      0.000ns
  Source Clock:         clk_BUFGP rising at 2.000ns
  Destination Clock:    clk_BUFGP rising at 2.000ns
  Clock Uncertainty:    0.000ns

  Minimum Data Path: I0/mem_block_2_8 to I0/mem_block_2_8
    Location             Delay type         Delay(ns)  Physical Resource
                                                       Logical Resource(s)
    -------------------------------------------------  -------------------
    SLICE_X37Y61.XQ      Tcko                  0.473   I0/mem_block_2_8
                                                       I0/mem_block_2_8
    SLICE_X37Y61.F3      net (fanout=3)        0.325   I0/mem_block_2_8
    SLICE_X37Y61.CLK     Tckf        (-Th)    -0.516   I0/mem_block_2_8
                                                       I0/mem_block_2_mux0000<8>1
                                                       I0/mem_block_2_8
    -------------------------------------------------  ---------------------------
    Total                                      1.314ns (0.989ns logic, 0.325ns route)
                                                       (75.3% logic, 24.7% route)

--------------------------------------------------------------------------------

Paths for end point L0/databits_3 (SLICE_X33Y19.G4), 1 path
--------------------------------------------------------------------------------
Slack (hold path):      1.317ns (requirement - (clock path skew + uncertainty - data path))
  Source:               L0/databits_3 (FF)
  Destination:          L0/databits_3 (FF)
  Requirement:          0.000ns
  Data Path Delay:      1.317ns (Levels of Logic = 1)
  Clock Path Skew:      0.000ns
  Source Clock:         clk_BUFGP rising at 2.000ns
  Destination Clock:    clk_BUFGP rising at 2.000ns
  Clock Uncertainty:    0.000ns

  Minimum Data Path: L0/databits_3 to L0/databits_3
    Location             Delay type         Delay(ns)  Physical Resource
                                                       Logical Resource(s)
    -------------------------------------------------  -------------------
    SLICE_X33Y19.YQ      Tcko                  0.470   L0/databits<3>
                                                       L0/databits_3
    SLICE_X33Y19.G4      net (fanout=2)        0.331   L0/databits<3>
    SLICE_X33Y19.CLK     Tckg        (-Th)    -0.516   L0/databits<3>
                                                       L0/databits_mux0000<0>
                                                       L0/databits_3
    -------------------------------------------------  ---------------------------
    Total                                      1.317ns (0.986ns logic, 0.331ns route)
                                                       (74.9% logic, 25.1% route)

--------------------------------------------------------------------------------

Paths for end point I0/mem_block_11_0 (SLICE_X15Y72.G4), 1 path
--------------------------------------------------------------------------------
Slack (hold path):      1.317ns (requirement - (clock path skew + uncertainty - data path))
  Source:               I0/mem_block_11_0 (FF)
  Destination:          I0/mem_block_11_0 (FF)
  Requirement:          0.000ns
  Data Path Delay:      1.317ns (Levels of Logic = 1)
  Clock Path Skew:      0.000ns
  Source Clock:         clk_BUFGP rising at 2.000ns
  Destination Clock:    clk_BUFGP rising at 2.000ns
  Clock Uncertainty:    0.000ns

  Minimum Data Path: I0/mem_block_11_0 to I0/mem_block_11_0
    Location             Delay type         Delay(ns)  Physical Resource
                                                       Logical Resource(s)
    -------------------------------------------------  -------------------
    SLICE_X15Y72.YQ      Tcko                  0.470   I0/mem_block_11_1
                                                       I0/mem_block_11_0
    SLICE_X15Y72.G4      net (fanout=3)        0.331   I0/mem_block_11_0
    SLICE_X15Y72.CLK     Tckg        (-Th)    -0.516   I0/mem_block_11_1
                                                       I0/mem_block_11_mux0000<0>1
                                                       I0/mem_block_11_0
    -------------------------------------------------  ---------------------------
    Total                                      1.317ns (0.986ns logic, 0.331ns route)
                                                       (74.9% logic, 25.1% route)

--------------------------------------------------------------------------------

Component Switching Limit Checks: NET "clk_BUFGP/IBUFG" PERIOD = 2 ns HIGH 40%;
--------------------------------------------------------------------------------
Slack: -0.065ns (period - (min high pulse limit / (high pulse / period)))
  Period: 2.000ns
  High pulse: 0.800ns
  High pulse limit: 0.826ns (Tch)
  Physical resource: L0/counter<0>/CLK
  Logical resource: L0/counter_0/CK
  Location pin: SLICE_X24Y1.CLK
  Clock network: clk_BUFGP
--------------------------------------------------------------------------------
Slack: -0.065ns (period - (min high pulse limit / (high pulse / period)))
  Period: 2.000ns
  High pulse: 0.800ns
  High pulse limit: 0.826ns (Tch)
  Physical resource: L0/counter<0>/CLK
  Logical resource: L0/counter_1/CK
  Location pin: SLICE_X24Y1.CLK
  Clock network: clk_BUFGP
--------------------------------------------------------------------------------
Slack: -0.065ns (period - (min high pulse limit / (high pulse / period)))
  Period: 2.000ns
  High pulse: 0.800ns
  High pulse limit: 0.826ns (Tch)
  Physical resource: L0/counter<2>/CLK
  Logical resource: L0/counter_2/CK
  Location pin: SLICE_X24Y2.CLK
  Clock network: clk_BUFGP
--------------------------------------------------------------------------------


1 constraint not met.


Data Sheet report:
-----------------
All values displayed in nanoseconds (ns)

Clock to Setup on destination clock clk
---------------+---------+---------+---------+---------+
               | Src:Rise| Src:Fall| Src:Rise| Src:Fall|
Source Clock   |Dest:Rise|Dest:Rise|Dest:Fall|Dest:Fall|
---------------+---------+---------+---------+---------+
clk            |   10.847|         |         |         |
---------------+---------+---------+---------+---------+


Timing summary:
---------------

Timing errors: 3540  Score: 14293676  (Setup/Max: 14270146, Hold: 0, Component Switching Limit: 23530)

Constraints cover 82194 paths, 0 nets, and 9103 connections

Design statistics:
   Minimum period:  10.847ns{1}   (Maximum frequency:  92.191MHz)


------------------------------------Footnotes-----------------------------------
1)  The minimum period statistic assumes all single cycle delays.

Analysis completed Wed Mar 20 16:19:57 2024 
--------------------------------------------------------------------------------

Trace Settings:
-------------------------
Trace Settings 

Peak Memory Usage: 364 MB



